<?xml version="1.0" encoding="UTF-8"?>
<!-- Generated by org.testng.reporters.JUnitXMLReporter -->
<testsuite ignored="0" hostname="DESKTOP-1MISJCC" failures="3" tests="7" name="Surefire test" time="11.806" errors="0" timestamp="2024-01-23T15:16:42 IST">
  <testcase classname="api.test.DDTests" name="testPostuser" time="0.0">
    <failure type="java.lang.RuntimeException" message="java.io.FileNotFoundException: C:\Users\lenovo\eclipse-workspace\Petstoreautomation\testData\xceldata.xlsx (The system cannot find the file specified)">
      <![CDATA[java.lang.RuntimeException: java.io.FileNotFoundException: C:\Users\lenovo\eclipse-workspace\Petstoreautomation\testData\xceldata.xlsx (The system cannot find the file specified)
at java.base/java.util.ArrayList.forEach(ArrayList.java:1511)
Caused by: java.io.FileNotFoundException: C:\Users\lenovo\eclipse-workspace\Petstoreautomation\testData\xceldata.xlsx (The system cannot find the file specified)
at java.base/java.io.FileInputStream.open0(Native Method)
at java.base/java.io.FileInputStream.open(FileInputStream.java:216)
at java.base/java.io.FileInputStream.<init>(FileInputStream.java:157)
at java.base/java.io.FileInputStream.<init>(FileInputStream.java:111)
at api.utilities.xcelUtility.getRowCount(xcelUtility.java:31)
at api.utilities.DataProviders.getAllData(DataProviders.java:15)
... 30 more
... Removed 37 stack frames]]>
    </failure>
  </testcase> <!-- testPostuser -->
  <testcase classname="api.test.DDTests" name="testgetUserByName" time="0.0">
    <failure type="java.lang.RuntimeException" message="java.io.FileNotFoundException: C:\Users\lenovo\eclipse-workspace\Petstoreautomation\testData\xceldata.xlsx (The system cannot find the file specified)">
      <![CDATA[java.lang.RuntimeException: java.io.FileNotFoundException: C:\Users\lenovo\eclipse-workspace\Petstoreautomation\testData\xceldata.xlsx (The system cannot find the file specified)
at java.base/java.util.ArrayList.forEach(ArrayList.java:1511)
Caused by: java.io.FileNotFoundException: C:\Users\lenovo\eclipse-workspace\Petstoreautomation\testData\xceldata.xlsx (The system cannot find the file specified)
at java.base/java.io.FileInputStream.open0(Native Method)
at java.base/java.io.FileInputStream.open(FileInputStream.java:216)
at java.base/java.io.FileInputStream.<init>(FileInputStream.java:157)
at java.base/java.io.FileInputStream.<init>(FileInputStream.java:111)
at api.utilities.xcelUtility.getRowCount(xcelUtility.java:31)
at api.utilities.DataProviders.getUserNames(DataProviders.java:34)
... 30 more
... Removed 37 stack frames]]>
    </failure>
  </testcase> <!-- testgetUserByName -->
  <testcase classname="api.test.DDTests" name="testdeleteUserByName" time="0.0">
    <failure type="java.lang.RuntimeException" message="java.io.FileNotFoundException: C:\Users\lenovo\eclipse-workspace\Petstoreautomation\testData\xceldata.xlsx (The system cannot find the file specified)">
      <![CDATA[java.lang.RuntimeException: java.io.FileNotFoundException: C:\Users\lenovo\eclipse-workspace\Petstoreautomation\testData\xceldata.xlsx (The system cannot find the file specified)
at java.base/java.util.ArrayList.forEach(ArrayList.java:1511)
Caused by: java.io.FileNotFoundException: C:\Users\lenovo\eclipse-workspace\Petstoreautomation\testData\xceldata.xlsx (The system cannot find the file specified)
at java.base/java.io.FileInputStream.open0(Native Method)
at java.base/java.io.FileInputStream.open(FileInputStream.java:216)
at java.base/java.io.FileInputStream.<init>(FileInputStream.java:157)
at java.base/java.io.FileInputStream.<init>(FileInputStream.java:111)
at api.utilities.xcelUtility.getRowCount(xcelUtility.java:31)
at api.utilities.DataProviders.getUserNames(DataProviders.java:34)
... 30 more
... Removed 37 stack frames]]>
    </failure>
  </testcase> <!-- testdeleteUserByName -->
  <testcase classname="api.test.UserTests" name="testpostUser" time="4.528"/>
  <testcase classname="api.test.UserTests" name="testgetUser" time="1.507"/>
  <testcase classname="api.test.UserTests" name="testupdateUser" time="2.945"/>
  <testcase classname="api.test.UserTests" name="testdeleteUser" time="1.484"/>
</testsuite> <!-- Surefire test -->
